<?xml version="1.0" encoding="UTF-8"?>
<!-- Generated by org.testng.reporters.JUnitReportReporter -->
<testsuite hostname="PSK126" failures="0" tests="2" name="FaceBook.VerifyLoginButton" time="412.392" errors="0" timestamp="2022-09-29T23:01:52 IST" skipped="0">
  <testcase classname="FaceBook.VerifyLoginButton" name="VerifyLoginIn" time="168.872"/>
  <system-out/>
  <testcase classname="FaceBook.VerifyLoginButton" name="VerifyLoginIn" time="243.520"/>
  <system-out/>
</testsuite> <!-- FaceBook.VerifyLoginButton -->
