<?xml version="1.0" encoding="UTF-8"?>
<!-- Generated by org.testng.reporters.JUnitReportReporter -->
<testsuite hostname="PSK126" failures="0" tests="4" name="FaceBook.TestNg" time="0.055" errors="0" timestamp="2022-09-29T23:01:52 IST" skipped="0">
  <testcase classname="FaceBook.TestNg" name="test2" time="0.005"/>
  <system-out/>
  <testcase classname="FaceBook.TestNg" name="test1" time="0.037"/>
  <system-out/>
  <testcase classname="FaceBook.TestNg" name="test2" time="0.005"/>
  <system-out/>
  <testcase classname="FaceBook.TestNg" name="test1" time="0.008"/>
  <system-out/>
</testsuite> <!-- FaceBook.TestNg -->
